### SNID output file ###
 
### input spectrum and options ###
# Input spectrum                 : SNEncore_restframe.ascii
# Parameter file                 : NA
# Wavelength range               :    5631.24  10749.77
# Mask file                      : NA
# Median filtering width [A]     : NA
# Median filtering width [pix]   :       1.00
# Clip emission redshift         : NA
# Clip sky lines                 : 0
# Emission clip width [A]        : NA
# Keep A-band                    : 1
# Age range                      :     -90.00   1000.00
# Delta range                    :      -9.99     99.90
# Min. number of spectra/template:   1
# Use only templates             : NA
# Use only types                 : NA
# Avoid templates                : NA
# Avoid types                    : NA
# rlapmin                        :       5.00
# Redshift range                 :    -0.0100    1.2000
# Forced initial redshift        :     0.0000
# Extra fake redshift            : NA
# Nsigma for initial redshift    : NA
# Redshift filter                :     0.0200
# Wavenumbers k1,k2,k3,k4        :     1    4   85  102
# Template directory             : INSTALL_DIR/snid-5.0/templates-2.0/
 
### initial/user-input redshift ###
zinit       0.0000
zuser       0.0000
 
### median redshift/age and error ###
zmed        0.0007    0.0042
agem         27.30      6.12
 
### type fraction/redshift/age ###
#type ntemp fraction slope redshift redshift_error age age_error
Ia             15      1.00    0.0000    0.0007    0.0042    27.300     6.125
Ia-norm        12      0.80    0.0706    0.0010    0.0013    27.900     4.349
Ia-91T          0      0.00    0.0000    0.0000    0.0000     0.000     0.000
Ia-91bg         0      0.00    0.0000    0.0000    0.0000     0.000     0.000
Ia-csm          0      0.00    0.0000    0.0000    0.0000     0.000     0.000
Ia-pec          3      0.20   -0.0590   -0.0091    0.0008    19.100    11.963
###
Ib              0      0.00    0.0000    0.0000    0.0000     0.000     0.000
Ib-norm         0      0.00    0.0000    0.0000    0.0000     0.000     0.000
Ib-pec          0      0.00    0.0000    0.0000    0.0000     0.000     0.000
IIb             0      0.00    0.0000    0.0000    0.0000     0.000     0.000
###
Ic              0      0.00    0.0000    0.0000    0.0000     0.000     0.000
Ic-norm         0      0.00    0.0000    0.0000    0.0000     0.000     0.000
Ic-pec          0      0.00    0.0000    0.0000    0.0000     0.000     0.000
Ic-broad        0      0.00    0.0000    0.0000    0.0000     0.000     0.000
###
II              0      0.00    0.0000    0.0000    0.0000     0.000     0.000
IIP             0      0.00    0.0000    0.0000    0.0000     0.000     0.000
II-pec          0      0.00    0.0000    0.0000    0.0000     0.000     0.000
IIn             0      0.00    0.0000    0.0000    0.0000     0.000     0.000
IIL             0      0.00    0.0000    0.0000    0.0000     0.000     0.000
###
NotSN           0      0.00    0.0000    0.0000    0.0000     0.000     0.000
AGN             0      0.00    0.0000    0.0000    0.0000     0.000     0.000
Gal             0      0.00    0.0000    0.0000    0.0000     0.000     0.000
LBV             0      0.00    0.0000    0.0000    0.0000     0.000     0.000
M-star          0      0.00    0.0000    0.0000    0.0000     0.000     0.000
 
### rlap-ordered template listings ###
#no. sn type lap rlap z zerr age age_flag grade
   1  sn2001ep      Ia-norm    0.5672   8.33  -0.0017   0.0078    28.50  0   good
   2  sn2002cx      Ia-pec     0.5253   6.44  -0.0091   0.0079    19.10  0   good
   3  sn2002bo      Ia-norm    0.4576   6.40   0.0007   0.0110    29.10  0   good
   4  sn2005cf      Ia-norm    0.5686   6.06   0.0006   0.0107    27.30  0   good
   5  sn2004dt      Ia-norm    0.4495   5.99   0.0019   0.0115    20.00  0   good
   6  sn2006bt      Ia-norm    0.5686   5.87  -0.0009   0.0109    32.90  0   good
   7  sn2003du      Ia-norm    0.5686   5.79   0.0008   0.0110    33.60  0   good
   8  sn2002dj      Ia-norm    0.4589   5.66   0.0032   0.0125    22.30  0   good
   9  sn2004eo      Ia-norm    0.4698   5.63   0.0012   0.0108    24.10  0   good
  10  sn2002dj      Ia-norm    0.5686   5.44   0.0003   0.0126    30.10  0   good
  11  sn2002bo      Ia-norm    0.5659   5.38   0.0363   0.0137   -12.40  0    bad
  12  sn2004eo      Ia-norm    0.4698   5.29   0.0023   0.0127    22.10  0   good
  13  sn2005cf      Ia-norm    0.5645   5.15   0.0016   0.0124    25.10  0   good
  14  sn2005hk      Ia-pec     0.5144   5.13  -0.0080   0.0108    14.30  0   good
  15  sn2002kf      Ia-norm    0.4237   5.09   0.0017   0.0123    29.50  0   good
  16  sn2005hk      Ia-pec     0.5700   5.06  -0.0094   0.0000    37.00  0   good
#--- rlap cutoff
  17  sn2002dj      Ia-norm    0.5307   5.00   0.0329   0.0149   -10.40  0    cut
  18  sn2001br      Ia-norm    0.4319   4.96   0.0020   0.0137    27.00  0    cut
  19  sn2005cf      Ia-norm    0.4359   4.94   0.0019   0.0123    14.10  0    cut
  20  sn2002bo      Ia-norm    0.5686   4.91   0.0125   0.0138    -0.60  0    cut
  21  sn2002dj      Ia-norm    0.4847   4.90   0.0267   0.0161    -9.50  0    cut
  22  sn2005bl      Ia-91bg    0.5429   4.86   0.0005   0.0110    12.60  0    cut
  23  sn2004eo      Ia-norm    0.4156   4.75   0.0003   0.0142    30.40  0    cut
  24  sn2003bg      IIb        0.4941   4.72   0.0029   0.0130    -7.40  0    cut
  25  sn2006bp      IIP        0.5645   4.68  -0.0049   0.0112    17.20  0    cut
  26  sn2002jy      Ia-norm    0.4237   4.67  -0.0005   0.0131    33.40  0    cut
  27  sn2004eo      Ia-norm    0.4725   4.62   0.0030   0.0143    21.60  0    cut
  28  sn2003cg      Ia-norm    0.4982   4.62   0.0022   0.0137    25.90  0    cut
  29  sn2003bg      IIb        0.4928   4.60  -0.0064   0.0126    15.50  0    cut
  30  sn2007Y       Ib-norm    0.4833   4.53   0.0069   0.0151    -9.00  0    cut
  31  sn2002cx      Ia-pec     0.4765   4.51  -0.0094   0.0000    24.00  0    cut
  32  sn2001az      Ia-91T     0.4143   4.50  -0.0032   0.0132    44.00  0    cut
  33  sn2005cf      Ia-norm    0.5632   4.50   0.0004   0.0137    29.00  0    cut
  34  sn2003du      Ia-norm    0.4752   4.45   0.0008   0.0136    36.40  0    cut
  35  sn2002er      Ia-norm    0.5605   4.45   0.0117   0.0145    -2.10  0    cut
  36  sn2005hk      Ia-pec     0.4765   4.41  -0.0094   0.0000    39.00  0    cut
  37  sn2005bl      Ia-91bg    0.4671   4.39   0.0004   0.0113    19.30  0    cut
  38  sn2003bg      IIb        0.4901   4.38   0.0103   0.0150   -15.40  0    cut
  39  sn2005bl      Ia-91bg    0.4156   4.38  -0.0012   0.0110    22.30  0    cut
  40  sn2002er      Ia-norm    0.5591   4.33   0.0128   0.0144    -3.10  0    cut
  41  sn2004eo      Ia-norm    0.4792   4.32   0.0039   0.0150    14.70  0    cut
  42  sn2004S       Ia-norm    0.4576   4.31  -0.0006   0.0143    36.10  0    cut
  43  sn2002er      Ia-norm    0.4874   4.29   0.0119   0.0156    -4.00  0    cut
  44  sn2002dj      Ia-norm    0.4603   4.28   0.0056   0.0169    12.30  0    cut
  45  sn2006bp      IIP        0.5659   4.24  -0.0071   0.0119    25.20  0    cut
  46  sn2002er      Ia-norm    0.5172   4.22  -0.0028   0.0165    10.00  0    cut
  47  sn2007al      Ia-91bg    0.5686   4.14  -0.0008   0.0125    10.10  0    cut
  48  sn2005cs      IIP        0.4251   4.12  -0.0094   0.0000     0.80  0    cut
  49  sn2003du      Ia-norm    0.4549   4.08   0.0003   0.0147    38.50  0    cut
  50  sn2005bl      Ia-91bg    0.5672   4.06   0.0012   0.0130     4.70  0    cut
  51  sn2002dj      Ia-norm    0.4806   3.97   0.0207   0.0181    -6.60  0    cut
  52  sn2001ep      Ia-norm    0.5686   3.97   0.0051   0.0148     2.80  0    cut
  53  sn2001V       Ia-91T     0.4332   3.93   0.0059   0.0162    21.30  0    cut
  54  sn2003W       Ia-norm    0.4197   3.91   0.0444   0.0184   -11.10  0    cut
  55  sn2004eo      Ia-norm    0.5672   3.85   0.0122   0.0174    -5.60  0    cut
  56  sn2001el      Ia-norm    0.4143   3.85   0.0096   0.0160    18.00  0    cut
  57  sn2001ay      Ia-norm    0.4630   3.83  -0.0008   0.0147    30.40  0    cut
  58  sn2001ep      Ia-norm    0.5686   3.83   0.0030   0.0156     7.70  0    cut
  59  sn2004dt      Ia-norm    0.4522   3.81   0.0038   0.0184    14.00  0    cut
  60  sn2005hk      Ia-pec     0.4752   3.81  -0.0094   0.0000    42.00  0    cut
  61  sn2003bg      IIb        0.4914   3.80  -0.0061   0.0138    20.40  0    cut
  62  sn2006bp      IIP        0.5672   3.79  -0.0023   0.0138    13.20  0    cut
  63  sn2003cg      Ia-norm    0.4968   3.75   0.0109   0.0185    -8.00  0    cut
  64  sn2005hk      Ia-pec     0.4847   3.73  -0.0094   0.0000    23.40  0    cut
  65  sn2006bp      IIP        0.5659   3.71  -0.0082   0.0131    34.10  0    cut
  66  sn2002ap      Ic-broad   0.4535   3.71   0.0419   0.0239   270.30  0    cut
  67  sn2005hj      Ia-91T     0.5036   3.68   0.0028   0.0170    32.50  0    cut
  68  sn2000cx      Ia-pec     0.5686   3.67   0.0035   0.0179    30.50  0    cut
  69  sn2004eo      Ia-norm    0.4725   3.64   0.0054   0.0180    13.10  0    cut
  70  sn2001ay      Ia-norm    0.5686   3.58   0.0076   0.0184    29.40  0    cut
  71  sn2003cg      Ia-norm    0.4874   3.58   0.0041   0.0179    15.90  0    cut
  72  sn2004eo      Ia-norm    0.5686   3.57   0.0072   0.0178    11.70  0    cut
  73  sn2002er      Ia-norm    0.5605   3.56   0.0075   0.0162     2.90  0    cut
  74  sn2005cf      Ia-norm    0.5348   3.54  -0.0003   0.0166    37.10  0    cut
  75  sn2002dj      Ia-norm    0.4860   3.53   0.0073   0.0182     8.00  0    cut
  76  sn2002ap      Ic-broad   0.4549   3.52   0.0401   0.0239   267.20  0    cut
  77  sn2002dj      Ia-norm    0.4833   3.52   0.0153   0.0195    -3.60  0    cut
  78  sn2003hv      Ia-norm    0.4941   3.48   0.0058   0.0169    19.10  0    cut
  79  sn2001el      Ia-norm    0.4143   3.46   0.0042   0.0167    39.90  0    cut
  80  sn2005cf      Ia-norm    0.4603   3.45  -0.0005   0.0172    46.90  0    cut
  81  sn2002dj      Ia-norm    0.4779   3.45   0.0175   0.0195    -4.60  0    cut
  82  sn2002fk      Ia-norm    0.4413   3.44  -0.0008   0.0156    33.20  0    cut
  83  sn2003du      Ia-norm    0.5618   3.44   0.0040   0.0183     4.00  0    cut
  84  sn2002dj      Ia-norm    0.4820   3.44   0.0361   0.0209   -11.40  0    cut
  85  sn2002er      Ia-norm    0.4305   3.43   0.0049   0.0178    18.90  0    cut
  86  sn2007if      Ia-pec     0.4644   3.42   0.0018   0.0173    23.30  0    cut
  87  sn2004et      IIP        0.4847   3.39  -0.0092   0.0144    19.50  0    cut
  88  sn2004S       Ia-norm    0.4616   3.37  -0.0006   0.0186    42.00  0    cut
  89  sn2004S       Ia-norm    0.4589   3.37   0.0055   0.0184    18.30  0    cut
  90  sn2006bt      Ia-norm    0.5700   3.36   0.0073   0.0162     2.90  0    cut
  91  sn2005hk      Ia-pec     0.4738   3.33  -0.0094   0.0000    42.90  0    cut
  92  sn2004eo      Ia-norm    0.4779   3.31   0.0037   0.0173     2.90  0    cut
  93  sn2006bp      IIP        0.5659   3.31  -0.0088   0.0139    49.00  0    cut
  94  sn2001ay      Ia-norm    0.4725   3.30   0.0045   0.0189    23.30  0    cut
  95  sn2004dt      Ia-norm    0.4508   3.29   0.0030   0.0204    36.60  0    cut
  96  sn2005cf      Ia-norm    0.5645   3.28   0.0116   0.0202    -1.20  0    cut
  97  sn2005cf      Ia-norm    0.4576   3.25  -0.0003   0.0185    51.90  0    cut
  98  sn2001ep      Ia-norm    0.4820   3.23   0.0036   0.0179     7.80  0    cut
  99  sn2005cf      Ia-norm    0.5686   3.22   0.0032   0.0189    18.40  0    cut
 100  sn2005bf      Ib-pec     0.4711   3.21  -0.0020   0.0184   -18.50  0    cut
 101  sn2002bo      Ia-norm    0.4549   3.19   0.0139   0.0194    -1.50  0    cut
 102  sn2003du      Ia-norm    0.5645   3.18   0.0018   0.0179    50.50  0    cut
 103  sn2004eo      Ia-norm    0.4806   3.17   0.0061   0.0198     7.80  0    cut
 104  sn2005cf      Ia-norm    0.5686   3.16   0.0085   0.0198     1.50  0    cut
 105  sn2003bg      IIb        0.4860   3.16   0.0140   0.0217   -17.30  0    cut
 106  sn2005cs      IIP        0.5686   3.14  -0.0089   0.0137    -0.20  0    cut
 107  sn2005cs      IIP        0.4359   3.13  -0.0094   0.0000    13.80  0    cut
 108  sn2003cg      Ia-norm    0.4874   3.11  -0.0000   0.0186    42.90  0    cut
 109  sn2005eq      Ia-91T     0.4373   3.10  -0.0008   0.0185    51.10  0    cut
 110  sn2001ay      Ia-norm    0.4725   3.09  -0.0012   0.0180    31.40  0    cut
 111  sn2005A       Ia-norm    0.4143   3.09   0.0262   0.0218     0.60  0    cut
 112  sn2004et      IIP        0.4833   3.09  -0.0078   0.0157    14.50  0    cut
 113  sn2006D       Ia-norm    0.5578   3.07   0.0014   0.0186    -5.30  0    cut
 114  sn2001bf      Ia-norm    0.4711   3.07   0.0017   0.0186     8.70  0    cut
 115  sn2006bp      IIP        0.5659   3.07  -0.0090   0.0145    64.90  0    cut
 116  sn2007if      Ia-pec     0.4657   3.06   0.0026   0.0188    25.20  0    cut
 117  sn2000cx      Ia-pec     0.5659   3.06   0.0027   0.0199    40.40  0    cut
 118  sn2005A       Ia-norm    0.4413   3.01   0.0243   0.0235     1.50  0    cut
 119  sn2003du      Ia-norm    0.5632   3.01   0.0056   0.0202     2.90  0    cut
 120  sn2003du      Ia-norm    0.4373   3.00   0.0076   0.0203    20.70  0    cut
 121  sn2002dj      Ia-norm    0.5700   2.99   0.0043   0.0209     9.30  0    cut
 122  sn2000H       IIb        0.4522   2.98  -0.0060   0.0195    13.40  0    cut
 123  sn2004et      IIP        0.4820   2.98  -0.0090   0.0158    24.60  0    cut
 124  sn2007Y       Ib-norm    0.4860   2.97   0.0065   0.0199   -15.00  0    cut
 125  sn2006D       Ia-norm    0.5578   2.96  -0.0001   0.0186    -7.30  0    cut
 126  sn2006D       Ia-norm    0.5605   2.95   0.0036   0.0192    -1.40  0    cut
 127  sn2002bo      Ia-norm    0.4562   2.95   0.0136   0.0215    -2.80  0    cut
 128  sn2004et      IIP        0.4820   2.95  -0.0089   0.0161    22.60  0    cut
 129  sn2001ay      Ia-norm    0.5672   2.93   0.0083   0.0205     5.80  0    cut
 130  sn2001V       Ia-91T     0.4048   2.92   0.0043   0.0211    20.30  0    cut
 131  sn2004S       Ia-norm    0.4549   2.90   0.0082   0.0205    13.30  0    cut
 132  sn2001da      Ia-norm    0.4752   2.89   0.0164   0.0212    -1.00  0    cut
 133  sn2004S       Ia-norm    0.5686   2.88   0.0070   0.0195    13.90  0    cut
 134  sn2004aw      Ic-norm    0.5063   2.86   0.0042   0.0173    12.20  0    cut
 135  sn2002er      Ia-norm    0.5605   2.85   0.0084   0.0198    -1.10  0    cut
 136  sn2005bl      Ia-91bg    0.4657   2.85  -0.0004   0.0175    -5.90  0    cut
 137  sn2005cf      Ia-norm    0.5672   2.85   0.0331   0.0235   -10.20  0    cut
 138  sn2003du      Ia-norm    0.4847   2.84   0.0028   0.0201    12.70  0    cut
 139  sn2005cf      Ia-norm    0.4901   2.84   0.0045   0.0207     4.20  0    cut
 140  sn2002bo      Ia-norm    0.4386   2.83   0.0105   0.0211     5.20  0    cut
 141  sn2004et      IIP        0.4833   2.82  -0.0094   0.0000    47.40  0    cut
 142  sn2004et      IIP        0.4833   2.82  -0.0094   0.0000    34.50  0    cut
 143  sn2005bl      Ia-91bg    0.4671   2.81  -0.0024   0.0159    -2.90  0    cut
 144  sn2004aw      Ic-norm    0.5266   2.81   0.0024   0.0170    19.10  0    cut
 145  sn2005cf      Ia-norm    0.5659   2.80   0.0330   0.0245   -11.20  0    cut
 146  sn2005cf      Ia-norm    0.5618   2.78   0.0322   0.0243    -9.70  0    cut
 147  sn2002bo      Ia-norm    0.4535   2.77   0.0123   0.0228    -1.70  0    cut
 148  sn2003cg      Ia-norm    0.4847   2.77   0.0047   0.0211    11.90  0    cut
 149  sn2004et      IIP        0.4833   2.76  -0.0094   0.0000    39.50  0    cut
 150  sn2007if      Ia-pec     0.4657   2.75   0.0023   0.0207    28.00  0    cut
 151  sn2004et      IIP        0.4833   2.75  -0.0094   0.0000    57.50  0    cut
 152  sn2005cf      Ia-norm    0.5672   2.74   0.0327   0.0238    -9.20  0    cut
 153  sn2007if      Ia-pec     0.4102   2.73   0.0033   0.0192    33.30  0    cut
 154  sn2004et      IIP        0.4833   2.72  -0.0058   0.0176     8.60  0    cut
 155  sn2004aw      Ic-norm    0.4522   2.72   0.0081   0.0176     5.30  0    cut
 156  sn2007ax      Ia-91bg    0.4116   2.72  -0.0036   0.0138    15.90  0    cut
 157  sn2006aj      Ic-broad   0.5361   2.71   0.0331   0.0209   198.10  0    cut
 158  sn2005cf      Ia-norm    0.5334   2.71   0.0031   0.0209     4.50  0    cut
 159  sn2000cx      Ia-pec     0.5686   2.70   0.0016   0.0203    60.20  0    cut
 160  sn2005hj      Ia-91T     0.5036   2.69   0.0009   0.0226     9.90  0    cut
 161  sn2002ap      Ic-broad   0.4941   2.67   0.0371   0.0312   238.50  0    cut
 162  sn2004aw      Ic-norm    0.4535   2.67  -0.0001   0.0171    23.00  0    cut
 163  sn2003hv      Ia-norm    0.5672   2.67   0.0023   0.0189     3.20  0    cut
 164  sn2005cf      Ia-norm    0.5645   2.66   0.0314   0.0264   -11.70  0    cut
 165  sn2006D       Ia-norm    0.5605   2.66   0.0056   0.0210    12.50  0    cut
 166  sn2006bt      Ia-norm    0.4562   2.65   0.0083   0.0206    -4.60  0    cut
 167  sn2005cs      IIP        0.5320   2.63  -0.0115   0.0152    56.70  0    cut
 168  sn2004et      IIP        0.4820   2.61  -0.0094   0.0000    70.50  0    cut
 169  sn2007Y       Ib-norm    0.5672   2.61  -0.0069   0.0216    -2.00  0    cut
 170  sn2001V       Ia-91T     0.4386   2.60   0.0003   0.0212    51.70  0    cut
 171  sn2002bo      Ia-norm    0.4833   2.59   0.0023   0.0224    39.00  0    cut
 172  sn2005bf      Ib-pec     0.4603   2.58   0.0003   0.0226   -25.30  0    cut
 173  sn2005cf      Ia-norm    0.5632   2.58   0.0015   0.0211    12.20  0    cut
 174  sn2000cx      Ia-pec     0.5686   2.58   0.0008   0.0193    70.10  0    cut
 175  sn2007if      Ia-pec     0.4671   2.57   0.0028   0.0223    37.20  0    cut
 176  sn2005cg      Ia-norm    0.4522   2.57   0.0344   0.0263    -9.80  0    cut
 177  sn2002ap      Ic-broad   0.4955   2.56   0.0394   0.0311   382.80  0    cut
 178  sn2005cs      IIP        0.4616   2.55  -0.0094   0.0179     4.20  0    cut
 179  sn2005cf      Ia-norm    0.5686   2.53   0.0311   0.0246    -8.20  0    cut
 180  sn2004aw      Ic-norm    0.4698   2.53   0.0071   0.0175     3.10  0    cut
 181  sn2003du      Ia-norm    0.5686   2.53   0.0032   0.0240     0.90  0    cut
 182  sn2003du      Ia-norm    0.5659   2.51   0.0033   0.0226    16.80  0    cut
 183  sn2007if      Ia-pec     0.4671   2.51   0.0023   0.0217    39.10  0    cut
 184  sn2007if      Ia-pec     0.4156   2.51   0.0031   0.0208    36.10  0    cut
 185  sn2005hj      Ia-91T     0.5036   2.51   0.0069   0.0226    24.00  0    cut
 186  sn2001az      Ia-91T     0.4143   2.50   0.0048   0.0246    20.00  0    cut
 187  sn2002cx      Ia-pec     0.4684   2.45  -0.0094   0.0000    54.30  0    cut
 188  sn2005cf      Ia-norm    0.4616   2.43   0.0038   0.0217     5.20  0    cut
 189  sn2004aw      Ic-norm    0.4671   2.42   0.0081   0.0175     1.90  0    cut
 190  sn2003du      Ia-norm    0.5496   2.42   0.0020   0.0234    62.40  0    cut
 191  sn2005cs      IIP        0.5144   2.42  -0.0094   0.0000     9.80  0    cut
 192  sn2004aw      Ic-norm    0.4779   2.40   0.0013   0.0191    18.10  0    cut
 193  sn2004aw      Ic-norm    0.4806   2.39   0.0107   0.0175    -1.70  0    cut
 194  sn2006bt      Ia-norm    0.5686   2.39   0.0097   0.0205    -3.90  0    cut
 195  sn2002ap      Ic-broad   0.5104   2.38   0.0377   0.0338   332.10  0    cut
 196  sn2005cf      Ia-norm    0.5334   2.38   0.0032   0.0226     9.40  0    cut
 197  sn2004aw      Ic-norm    0.4264   2.37  -0.0022   0.0168    31.90  0    cut
 198  sn2005cf      Ia-norm    0.5686   2.37   0.0285   0.0258    -6.30  0    cut
 199  sn2007if      Ia-pec     0.4129   2.36   0.0041   0.0219    24.00  0    cut
 200  sn2002dj      Ia-norm    0.4088   2.36   0.0230   0.0296    -8.60  0    cut
 201  sn2003cg      Ia-norm    0.5117   2.35   0.0074   0.0231     1.80  0    cut
 202  sn2004et      IIP        0.4833   2.35  -0.0094   0.0000    82.50  0    cut
 203  sn2002bo      Ia-norm    0.4901   2.34   0.0006   0.0249    54.20  0    cut
 204  sn2007if      Ia-pec     0.4644   2.34   0.0025   0.0237    34.40  0    cut
 205  sn2002er      Ia-norm    0.4955   2.33   0.0030   0.0245    32.60  0    cut
 206  sn2005cs      IIP        0.5429   2.33  -0.0118   0.0177    39.70  0    cut
 207  sn2004et      IIP        0.4833   2.33  -0.0094   0.0000    96.50  0    cut
 208  sn2003du      Ia-norm    0.5686   2.32   0.0010   0.0224    71.30  0    cut
 209  sn2008D       Ib-pec     0.5429   2.32   0.0181   0.0264    -9.30  0    cut
 210  sn2008D       Ib-pec     0.5469   2.31   0.0132   0.0248    -6.60  0    cut
 211  sn2005cf      Ia-norm    0.4860   2.31   0.0115   0.0263    -0.20  0    cut
 212  sn2004S       Ia-norm    0.5700   2.30   0.0087   0.0237     7.40  0    cut
 213  sn2004eo      Ia-norm    0.4711   2.30   0.0182   0.0268   -10.20  0    cut
 214  sn2005cf      Ia-norm    0.5618   2.29   0.0034   0.0233     6.20  0    cut
 215  sn2004aw      Ic-norm    0.4671   2.27  -0.0004   0.0184    24.90  0    cut
 216  sn2005cs      IIP        0.4887   2.26  -0.0091   0.0182     3.80  0    cut
 217  sn2002dj      Ia-norm    0.4644   2.26  -0.0011   0.0254    68.70  0    cut
 218  sn2005cf      Ia-norm    0.4319   2.26   0.0009   0.0246    60.80  0    cut
 219  sn2003du      Ia-norm    0.5429   2.26   0.0011   0.0238     9.80  0    cut
 220  sn2003kf      Ia-norm    0.5456   2.24   0.0292   0.0282    -9.40  0    cut
 221  sn2003du      Ia-norm    0.5659   2.23   0.0261   0.0288   -11.10  0    cut
 222  sn2006bp      IIP        0.5686   2.23   0.0003   0.0210     8.10  0    cut
 223  sn2008D       Ib-pec     0.5686   2.22  -0.0077   0.0185    19.30  0    cut
 224  sn2005cf      Ia-norm    0.5605   2.22   0.0217   0.0273    -3.80  0    cut
 225  sn2003cg      Ia-norm    0.4765   2.22   0.0159   0.0257    -6.40  0    cut
 226  sn2001el      Ia-norm    0.4143   2.22   0.0109   0.0245     9.10  0    cut
 227  sn2005hj      Ia-91T     0.5023   2.22   0.0003   0.0258     5.10  0    cut
 228  sn2005cf      Ia-norm    0.5632   2.21   0.0292   0.0280    -7.30  0    cut
 229  sn2004eo      Ia-norm    0.4792   2.21   0.0019   0.0256    54.00  0    cut
 230  sn2003cg      Ia-norm    0.4725   2.19   0.0068   0.0251    -1.00  0    cut
 231  sn2003bg      IIb        0.4562   2.19  -0.0083   0.0206    21.40  0    cut
 232  sn2005hj      Ia-91T     0.5036   2.18   0.0064   0.0246    17.40  0    cut
 233  sn2005cf      Ia-norm    0.4292   2.17   0.0317   0.0286    -8.70  0    cut
 234  sn2001el      Ia-norm    0.4116   2.17   0.0289   0.0255    -3.80  0    cut
 235  sn2003cg      Ia-norm    0.4982   2.17   0.0117   0.0274    -5.00  0    cut
 236  sn2005cf      Ia-norm    0.5605   2.16   0.0201   0.0275    -2.70  0    cut
 237  sn2003du      Ia-norm    0.4860   2.16   0.0180   0.0307    -7.20  0    cut
 238  sn2003cg      Ia-norm    0.4698   2.15   0.0172   0.0251    -7.30  0    cut
 239  sn2005cf      Ia-norm    0.5672   2.14   0.0186   0.0257    -1.50  0    cut
 240  sn2005cs      IIP        0.5266   2.14  -0.0094   0.0000    29.80  0    cut
 241  sn2004aw      Ic-norm    0.4738   2.14   0.0106   0.0188    -0.20  0    cut
 242  sn2003U       Ia-norm    0.4156   2.13   0.0117   0.0279    -8.50  0    cut
 243  sn2003du      Ia-norm    0.4792   2.13   0.0272   0.0301   -11.10  0    cut
 244  sn2005cg      Ia-norm    0.4522   2.12   0.0341   0.0282    -8.80  0    cut
 245  sn2001eh      Ia-91T     0.5429   2.11   0.0299   0.0218    -5.90  0    cut
 246  sn2005cf      Ia-norm    0.5185   2.11   0.0035   0.0239     7.20  0    cut
 247  sn2000cx      Ia-pec     0.5700   2.09  -0.0009   0.0196    92.00  0    cut
 248  sn2007if      Ia-pec     0.4644   2.08   0.0021   0.0283    41.90  0    cut
 249  sn2005cf      Ia-norm    0.5618   2.07   0.0016   0.0255    16.10  0    cut
 250  sn2008D       Ib-pec     0.5469   2.06  -0.0017   0.0221     5.50  0    cut
 251  sn2005cs      IIP        0.4833   2.05  -0.0094   0.0000    12.70  0    cut
 252  sn2003cg      Ia-norm    0.4982   2.04   0.0071   0.0259     1.00  0    cut
 253  sn2005cf      Ia-norm    0.4197   2.04   0.0326   0.0292    -9.70  0    cut
 254  sn2002er      Ia-norm    0.5375   2.03   0.0007   0.0302    15.80  0    cut
 255  sn2007if      Ia-pec     0.4630   2.02   0.0050   0.0266    15.90  0    cut
 256  sn2007if      Ia-pec     0.4671   2.02   0.0024   0.0269    43.80  0    cut
 257  sn2005cf      Ia-norm    0.5618   2.02   0.0013   0.0254    12.10  0    cut
 258  sn2005cg      Ia-norm    0.5293   2.02   0.0276   0.0274    -4.00  0    cut
 259  sn2002er      Ia-norm    0.5375   2.02   0.0006   0.0304    14.90  0    cut
 260  sn2003du      Ia-norm    0.5686   2.02   0.0023   0.0264    83.20  0    cut
 261  sn2005cf      Ia-norm    0.5307   1.98   0.0215   0.0312    -5.50  0    cut
 262  sn2002bo      Ia-norm    0.5090   1.98   0.0021   0.0269    82.90  0    cut
 263  sn2007Y       Ib-norm    0.5686   1.97  -0.0097   0.0250     4.90  0    cut
 264  sn2005cs      IIP        0.5632   1.96  -0.0086   0.0198     0.80  0    cut
 265  sn2005hj      Ia-91T     0.5023   1.95  -0.0014   0.0269     3.30  0    cut
 266  sn2005cf      Ia-norm    0.5686   1.94   0.0251   0.0246    -2.40  0    cut
 267  sn2003bg      IIb        0.4603   1.94   0.0501   0.0376   240.60  0    cut
 268  sn2005cg      Ia-norm    0.5266   1.94   0.0158   0.0288    -0.10  0    cut
 269  sn2008D       Ib-pec     0.4901   1.94  -0.0079   0.0203    15.40  0    cut
 270  sn2006bt      Ia-norm    0.4630   1.93   0.0018   0.0273    53.30  0    cut
 271  sn2005cg      Ia-norm    0.5293   1.92   0.0075   0.0282     6.70  0    cut
 272  sn2004S       Ia-norm    0.5239   1.90   0.0185   0.0256     1.60  0    cut
 273  sn2001G       Ia-norm    0.4319   1.90   0.0013   0.0263    62.70  0    cut
 274  sn2002er      Ia-norm    0.4522   1.88   0.0107   0.0298     0.90  0    cut
 275  sn2005cg      Ia-norm    0.5293   1.87   0.0104   0.0295     4.80  0    cut
 276  sn2005bf      Ib-pec     0.4576   1.85   0.0004   0.0300   -22.30  0    cut
 277  sn2006bp      IIP        0.5700   1.84   0.1775   0.0189   330.00  0    cut
 278  sn2005cf      Ia-norm    0.5036   1.81   0.0021   0.0279    75.20  0    cut
 279  sn2005cf      Ia-norm    0.4346   1.80   0.0028   0.0292    76.60  0    cut
 280  sn2001eh      Ia-91T     0.4319   1.78   0.0070   0.0291     8.60  0    cut
 281  sn2002ap      Ic-broad   0.5672   1.78   0.0254   0.0392   119.70  0    cut
 282  sn2003bg      IIb        0.4928   1.77   0.0462   0.0414   270.50  0    cut
 283  sn2003bg      IIb        0.4955   1.77   0.0457   0.0419   277.40  0    cut
 284  sn2001eh      Ia-91T     0.5686   1.76   0.0124   0.0280     2.70  0    cut
 285  sn2006bp      IIP        0.5686   1.74   0.3304   0.0296     0.10  0    cut
 286  sn2008D       Ib-pec     0.4806   1.74   0.0319   0.0433   130.50  0    cut
 287  sn2001ay      Ia-norm    0.4170   1.74   0.0100   0.0277    16.50  0    cut
 288  sn2003hv      Ia-norm    0.4820   1.72   0.0070   0.0313    53.20  0    cut
 289  sn2008ar      Ia-norm    0.4671   1.71  -0.0007   0.0288   105.10  0    cut
 290  sn2003hv      Ia-norm    0.5686   1.69   0.0078   0.0297    74.70  0    cut
 291  sn2007if      Ia-pec     0.4671   1.69   0.0031   0.0342    48.40  0    cut
 292  sn2001el      Ia-norm    0.4129   1.68   0.0213   0.0301     1.20  0    cut
 293  sn2000cx      Ia-pec     0.4535   1.68   0.0899   0.0289   145.50  0    cut
 294  sn2002er      Ia-norm    0.4210   1.66   0.0066   0.0297     4.90  0    cut
 295  sn2002er      Ia-norm    0.4224   1.64   0.0271   0.0409    -8.00  0    cut
 296  sn2007if      Ia-pec     0.4657   1.64   0.0039   0.0315    14.10  0    cut
 297  sn2004dt      Ia-norm    0.4508   1.63   0.0068   0.0336     3.80  0    cut
 298  sn2004dt      Ia-norm    0.4319   1.62   0.1720   0.0374     2.30  0    cut
 299  sn2007Y       Ib-norm    0.4440   1.62   0.0449   0.0415   267.80  0    cut
 300  sn2002ap      Ic-broad   0.5700   1.61   0.0248   0.0430   152.70  0    cut
 301  sn2006X       Ia-norm    0.4806   1.61   0.0260   0.0462   275.10  0    cut
 302  sn2000cx      Ia-pec     0.4562   1.60   0.0907   0.0279   123.70  0    cut
 303  sn2004aw      Ic-norm    0.4928   1.60   0.0471   0.0447   229.40  0    cut
 304  sn2005bl      Ia-91bg    0.5036   1.60   0.0076   0.0289    32.20  0    cut
 305  sn2001cj      Ia-norm    0.4102   1.59   0.0007   0.0314    13.60  0    cut
 306  sn2000cx      Ia-pec     0.5686   1.58   0.0126   0.0368     4.70  0    cut
 307  sn2001br      Ia-norm    0.4319   1.58   0.0089   0.0331     2.50  0    cut
 308  sn2007if      Ia-pec     0.4075   1.57   0.0050   0.0284    13.10  0    cut
 309  sn2001V       Ia-91T     0.4386   1.57   0.0015   0.0337    79.30  0    cut
 310  sn2004dt      Ia-norm    0.5469   1.55   0.0205   0.0307    -3.70  0    cut
 311  sn2002ap      Ic-broad   0.5672   1.55   0.0256   0.0446   182.50  0    cut
 312  sn2007ax      Ia-91bg    0.4116   1.52  -0.0011   0.0233     2.00  0    cut
 313  sn2008D       Ib-pec     0.5632   1.51   0.0383   0.0316   -12.40  0    cut
 314  sn2004dt      Ia-norm    0.4224   1.51   0.0444   0.0399   149.60  0    cut
 315  sn2007if      Ia-pec     0.4644   1.51  -0.0034   0.0285     6.60  0    cut
 316  sn2007if      Ia-pec     0.4657   1.51  -0.0067   0.0263     4.70  0    cut
 317  sn2000cx      Ia-pec     0.5672   1.50   0.0098   0.0370     5.70  0    cut
 318  sn2007if      Ia-pec     0.4129   1.49   0.0069   0.0304    15.70  0    cut
 319  sn2007if      Ia-pec     0.4671   1.47   0.0042   0.0370    51.20  0    cut
 320  sn2007Y       Ib-norm    0.4833   1.47  -0.0094   0.0000     7.90  0    cut
 321  sn2003hv      Ia-norm    0.5537   1.46   0.0092   0.0326    74.70  0    cut
 322  sn2001G       Ia-norm    0.4319   1.46   0.3060   0.0262   122.60  0    cut
 323  sn2001ay      Ia-norm    0.4508   1.46   0.0045   0.0311     7.80  0    cut
 324  sn2005cs      IIP        0.4319   1.46  -0.0094   0.0000    31.70  0    cut
 325  sn2001ay      Ia-norm    0.4251   1.45  -0.0000   0.0364    54.70  0    cut
 326  sn2003bg      IIb        0.5036   1.44   0.1724   0.0445   -19.10  0    cut
 327  sn2004et      IIP        0.4806   1.43   0.1739   0.0205   297.70  0    cut
 328  sn2003bg      IIb        0.4955   1.42   0.0495   0.0482   253.50  0    cut
 329  sn2001eh      Ia-91T     0.5496   1.41   0.3499   0.0278    -4.90  0    cut
 330  sn2007if      Ia-pec     0.4657   1.40  -0.0009   0.0292     9.40  0    cut
 331  sn2008D       Ib-pec     0.5442   1.39  -0.0042   0.0264    31.30  0    cut
 332  sn2003du      Ia-norm    0.4319   1.37   0.0058   0.0364    86.10  0    cut
 333  sn2007if      Ia-pec     0.4671   1.36   0.0086   0.0435    62.30  0    cut
 334  sn2005hk      Ia-pec     0.5700   1.35  -0.0048   0.0354    65.50  0    cut
 335  sn2005gj      Ia-csm     0.5293   1.35   0.1780   0.0386    61.10  0    cut
 336  sn2006bp      IIP        0.5672   1.34   0.0008   0.0296     2.10  0    cut
 337  sn2007ax      Ia-91bg    0.4129   1.33  -0.0090   0.0294     1.10  0    cut
 338  sn2008D       Ib-pec     0.5686   1.33   0.0000   0.0317    30.10  0    cut
 339  sn2002hu      Ia-91T     0.4061   1.33   0.0015   0.0344    73.50  0    cut
 340  sn2002he      Ia-norm    0.4292   1.32   0.0050   0.0366    -3.20  0    cut
 341  sn2005gj      Ia-csm     0.4305   1.32   0.1771   0.0414    63.00  0    cut
 342  sn2002bo      Ia-norm    0.4359   1.31   0.0292   0.0512   310.40  0    cut
 343  sn2002ha      Ia-norm    0.4386   1.30  -0.0001   0.0353     1.70  0    cut
 344  sn2005gj      Ia-csm     0.4305   1.30   0.1772   0.0390    65.80  0    cut
 345  sn2005hk      Ia-pec     0.4495   1.30   0.0880   0.0262    -8.30  0    cut
 346  sn2005hk      Ia-pec     0.5564   1.30   0.2065   0.0221    -3.40  0    cut
 347  sn2004dt      Ia-norm    0.4305   1.29   0.0160   0.0391    -6.50  0    cut
 348  sn2007Y       Ib-norm    0.5266   1.28   0.0932   0.0231    12.80  0    cut
 349  sn2004dt      Ia-norm    0.4522   1.28   0.0090   0.0346     3.30  0    cut
 350  sn2004et      IIP        0.4630   1.27   0.1746   0.0212   384.50  0    cut
 351  sn2005gj      Ia-csm     0.4305   1.27   0.1762   0.0420    66.80  0    cut
 352  sn2002eu      Ia-norm    0.4170   1.27   0.0103   0.0370    60.70  0    cut
 353  sn2003hv      Ia-norm    0.4549   1.26   0.0029   0.0373     8.20  0    cut
 354  sn2005cs      IIP        0.5700   1.26   0.1703   0.0428   272.50  0    cut
 355  sn2005gj      Ia-csm     0.4305   1.26  -0.0013   0.0391    64.90  0    cut
 356  sn2005cf      Ia-norm    0.5632   1.25   0.0265   0.0436    -6.60  0    cut
 357  sn2005gj      Ia-csm     0.4305   1.25   0.1778   0.0390    63.90  0    cut
 358  sn2004et      IIP        0.4820   1.24   0.1723   0.0218   168.80  0    cut
 359  sn2004et      IIP        0.4806   1.22   0.1724   0.0219   195.80  0    cut
 360  sn2005gj      Ia-csm     0.5280   1.22   0.1781   0.0392    88.40  0    cut
 361  sn2005bf      Ib-pec     0.4779   1.22   0.0967   0.0242     3.40  0    cut
 362  sn2004et      IIP        0.4752   1.22   0.1747   0.0220   374.60  0    cut
 363  sn2005bl      Ia-91bg    0.4197   1.21  -0.0065   0.0231    -4.90  0    cut
 364  sn2007Y       Ib-norm    0.5226   1.21   0.0926   0.0221    19.80  0    cut
 365  sn2004et      IIP        0.4833   1.21   0.1734   0.0225   284.80  0    cut
 366  sn2007if      Ia-pec     0.4671   1.21   0.0094   0.0476    66.90  0    cut
 367  sn2005cs      IIP        0.5686   1.20   0.1708   0.0428   328.50  0    cut
 368  sn2004et      IIP        0.4820   1.20   0.1732   0.0226   236.80  0    cut
 369  sn2004et      IIP        0.4847   1.20   0.1726   0.0217   146.90  0    cut
 370  sn2008D       Ib-pec     0.5510   1.20  -0.0030   0.0303    32.20  0    cut
 371  sn2002ap      Ic-broad   0.5686   1.20   0.2101   0.0392   234.10  0    cut
 372  sn2004et      IIP        0.4820   1.19   0.1729   0.0223   242.80  0    cut
 373  sn2004et      IIP        0.4820   1.19   0.1729   0.0223   229.70  0    cut
 374  sn2004et      IIP        0.4860   1.19   0.1755   0.0228   411.50  0    cut
 375  sn2000cx      Ia-pec     0.5618   1.18   0.0217   0.0334     0.70  0    cut
 376  sn2001V       Ia-91T     0.4386   1.17   0.0023   0.0414   104.80  0    cut
 377  sn2004dt      Ia-norm    0.4224   1.17   0.0175   0.0426    -4.50  0    cut
 378  sn2008D       Ib-pec     0.4792   1.16   0.0261   0.0583    90.80  0    cut
 379  sn2004dt      Ia-norm    0.5280   1.16   0.3685   0.0346    -6.50  0    cut
 380  sn2007if      Ia-pec     0.4088   1.15   0.0030   0.0354    10.30  0    cut
 381  sn2007Y       Ib-norm    0.5063   1.15   0.0460   0.0535   228.20  0    cut
 382  sn2000H       IIb        0.5361   1.14   0.0965   0.0240    29.20  0    cut
 383  sn2005gj      Ia-csm     0.4305   1.14   0.1760   0.0415   133.50  0    cut
 384  sn2005hj      Ia-91T     0.5036   1.12   0.3399   0.0304     0.50  0    cut
 385  sn2005hk      Ia-pec     0.4738   1.11   0.0822   0.0360    -5.10  0    cut
 386  sn2000H       IIb        0.4738   1.11   0.0950   0.0237    40.00  0    cut
 387  sn2001bf      Ia-norm    0.4806   1.11   0.0081   0.0477    58.80  0    cut
 388  sn2002ap      Ic-broad   0.5672   1.11   0.0150   0.0441    30.50  0    cut
 389  sn2007if      Ia-pec     0.4129   1.10   0.0080   0.0450    61.40  0    cut
 390  sn2002er      Ia-norm    0.4264   1.10  -0.0042   0.0474     8.80  0    cut
 391  sn2005hk      Ia-pec     0.5131   1.09   0.2086   0.0219    -4.20  0    cut
 392  sn2007Y       Ib-norm    0.5700   1.08   0.0444   0.0548   255.00  0    cut
 393  sn2004dt      Ia-norm    0.4481   1.08   0.0171   0.0367    -6.40  0    cut
 394  sn2003hv      Ia-norm    0.4792   1.07   0.0890   0.0362   144.50  0    cut
 395  sn2003hv      Ia-norm    0.4806   1.06   0.0088   0.0386    82.10  0    cut
 396  sn2002ap      Ic-broad   0.5645   1.06   0.0114   0.0343    12.70  0    cut
 397  sn2003du      Ia-norm    0.4698   1.04  -0.0005   0.0256   136.60  0    cut
 398  sn2005hj      Ia-91T     0.5320   1.03   0.3400   0.0323    -4.30  0    cut
 399  sn2001ay      Ia-norm    0.4237   1.03   0.1785   0.0351     3.30  0    cut
 400  sn2003ch      Ia-norm    0.4941   1.03  -0.0007   0.0496     5.60  0    cut
 401  sn2003bg      IIb        0.4968   1.03   0.0230   0.0600   153.20  0    cut
 402  sn2004et      IIP        0.4359   1.02   0.1739   0.0237   448.40  0    cut
 403  sn2005hk      Ia-pec     0.5551   1.00   0.2085   0.0232    -4.20  0    cut
 404  sn2004dt      Ia-norm    0.4440   0.99   0.0156   0.0402    -1.00  0    cut
 405  sn2004dt      Ia-norm    0.5185   0.98   0.3697   0.0377    -8.50  0    cut
 406  sn2003du      Ia-norm    0.4373   0.97   0.0807   0.0617   219.70  0    cut
 407  sn2004dt      Ia-norm    0.4440   0.97   0.0168   0.0405    -2.00  0    cut
 408  sn2004dt      Ia-norm    0.5388   0.97   0.3712   0.0372    -8.90  0    cut
 409  sn2004dt      Ia-norm    0.4264   0.93   0.0184   0.0448    -5.60  0    cut
 410  sn2007sr      Ia-norm    0.5700   0.89   0.0741   0.0330   190.00  0    cut
 411  sn2004dt      Ia-norm    0.4143   0.88   0.0198   0.0487    -9.40  0    cut
 412  sn2007if      Ia-pec     0.4657   0.86   0.2950   0.0523    -9.20  0    cut
 413  sn2005hj      Ia-91T     0.4292   0.86   0.3344   0.0327    -5.20  0    cut
 414  sn2000H       IIb        0.5415   0.85   0.0042   0.0396    55.80  0    cut
 415  sn2000fa      Ia-norm    0.4264   0.84   0.0130   0.0601    99.00  0    cut
 416  sn2002ap      Ic-broad   0.5672   0.84   0.2143   0.0389     2.70  0    cut
 417  sn2002fb      Ia-91bg    0.4373   0.81   0.0140   0.0635    52.50  0    cut
 418  sn2003cg      Ia-norm    0.4021   0.79   0.0108   0.0588    -2.30  0    cut
 419  sn2008D       Ib-pec     0.4765   0.75  -0.0022   0.0433    42.10  0    cut
 420  sn2005hk      Ia-pec     0.5158   0.75   0.1656   0.0617    -6.30  0    cut
 421  sn2007Y       Ib-norm    0.4847   0.74   0.0917   0.0263    37.70  0    cut
 422  sn2002ap      Ic-broad   0.4386   0.70   0.0203   0.1094    26.60  0    cut
 423  sn2001ck      Ia-norm    0.4197   0.70   0.3323   0.0390     5.80  0    cut
 424  sn2002dj      Ia-norm    0.4143   0.70   0.0688   0.0319   271.10  0    cut
 425  sn2005hj      Ia-91T     0.4278   0.68   0.3357   0.0344     2.40  0    cut
 426  sn2002ap      Ic-broad   0.5659   0.65   0.0170   0.0453     4.70  0    cut
 427  sn2003du      Ia-norm    0.4359   0.60   0.0802   0.0867   140.30  0    cut
 428  sn2003hv      Ia-norm    0.5456   0.58   0.0083   0.0823   320.50  0    cut
 429  sn2003hv      Ia-norm    0.4630   0.58   0.0243   0.0322   111.80  0    cut
 430  sn2000cx      Ia-pec     0.4914   0.57   0.0688   0.1376   359.60  0    cut
 431  sn2002ap      Ic-broad   0.4928   0.54   0.1144   0.0616    -2.40  0    cut
 432  sn2007if      Ia-pec     0.4116   0.52  -0.0094   0.0000    -2.90  0    cut
 433  sn2002fk      Ia-norm    0.4359   0.52   0.0095   0.1399   119.40  0    cut
 434  sn2007if      Ia-pec     0.4129   0.50  -0.0094   0.0000    -6.60  0    cut
